<?xml version="1.0" encoding="UTF-8"?>
<testsuite xmlns:xsi="http://www.w3.org/2001/XMLSchema-instance" xsi:noNamespaceSchemaLocation="https://maven.apache.org/surefire/maven-failsafe-plugin/xsd/failsafe-test-report-3.0.xsd" version="3.0" name="com.gfg.zerocode.rest.GeekUserEndpointIT" time="1.724" tests="1" errors="0" skipped="0" failures="0">
  <properties>
[...]
</properties>
  <testcase name="test_geekuser_creation_endpoint" classname="com.gfg.zerocode.rest.GeekUserEndpointIT" time="1.716">
    <system-out><![CDATA[17:39:49,352 |-INFO in ch.qos.logback.classic.LoggerContext[default] - Could NOT find resource [logback.groovy]
17:39:49,352 |-INFO in ch.qos.logback.classic.LoggerContext[default] - Could NOT find resource [logback-test.xml]
17:39:49,352 |-INFO in ch.qos.logback.classic.LoggerContext[default] - Found resource [logback.xml] at [jar:file:/C:/Users/DWLL/.m2/repository/org/jsmart/zerocode-tdd/1.3.27/zerocode-tdd-1.3.27.jar!/logback.xml]
17:39:49,365 |-INFO in ch.qos.logback.core.joran.spi.ConfigurationWatchList@51cdd8a - URL [jar:file:/C:/Users/DWLL/.m2/repository/org/jsmart/zerocode-tdd/1.3.27/zerocode-tdd-1.3.27.jar!/logback.xml] is not of type file
17:39:49,575 |-INFO in ch.qos.logback.classic.joran.action.ConfigurationAction - debug attribute not set
17:39:49,588 |-INFO in ch.qos.logback.core.joran.action.AppenderAction - About to instantiate appender of type [ch.qos.logback.core.FileAppender]
17:39:49,595 |-INFO in ch.qos.logback.core.joran.action.AppenderAction - Naming appender as [fileAppender]
17:39:49,674 |-INFO in ch.qos.logback.core.joran.action.NestedComplexPropertyIA - Assuming default type [ch.qos.logback.classic.encoder.PatternLayoutEncoder] for [encoder] property
17:39:49,753 |-INFO in ch.qos.logback.core.FileAppender[fileAppender] - File property is set to [target/logs/zerocode_rest_bdd_logs.log]
17:39:49,755 |-INFO in ch.qos.logback.core.joran.action.AppenderAction - About to instantiate appender of type [ch.qos.logback.core.ConsoleAppender]
17:39:49,757 |-INFO in ch.qos.logback.core.joran.action.AppenderAction - Naming appender as [consoleAppender]
17:39:49,773 |-WARN in ch.qos.logback.core.ConsoleAppender[consoleAppender] - This appender no longer admits a layout as a sub-component, set an encoder instead.
17:39:49,773 |-WARN in ch.qos.logback.core.ConsoleAppender[consoleAppender] - To ensure compatibility, wrapping your layout in LayoutWrappingEncoder.
17:39:49,773 |-WARN in ch.qos.logback.core.ConsoleAppender[consoleAppender] - See also http://logback.qos.ch/codes.html#layoutInsteadOfEncoder for details
17:39:49,773 |-INFO in ch.qos.logback.classic.joran.action.RootLoggerAction - Setting level of ROOT logger to INFO
17:39:49,773 |-INFO in ch.qos.logback.core.joran.action.AppenderRefAction - Attaching appender named [fileAppender] to Logger[ROOT]
17:39:49,774 |-INFO in ch.qos.logback.core.joran.action.AppenderRefAction - Attaching appender named [consoleAppender] to Logger[ROOT]
17:39:49,774 |-INFO in ch.qos.logback.classic.joran.action.ConfigurationAction - End of configuration.
17:39:49,785 |-INFO in ch.qos.logback.classic.joran.JoranConfigurator@d44fc21 - Registering current configuration as safe fallback point

2022-10-31 17:39:49,824 &amp#27;[32m[main]&amp#27;[0;39m &amp#27;[34mINFO&amp#27;[0;39m org.jsmart.zerocode.core.utils.RunnerUtils - &amp#27;[34m### testClass : class com.gfg.zerocode.rest.GeekUserEndpointIT
&amp#27;[0;39m2022-10-31 17:39:50,594 &amp#27;[32m[main]&amp#27;[0;39m &amp#27;[34mINFO&amp#27;[0;39m org.jsmart.zerocode.core.utils.RunnerUtils - &amp#27;[34m### testClass : class com.gfg.zerocode.rest.GeekUserEndpointIT
&amp#27;[0;39m2022-10-31 17:39:50,701 &amp#27;[32m[main]&amp#27;[0;39m &amp#27;[34mINFO&amp#27;[0;39m org.jsmart.zerocode.core.utils.RunnerUtils - &amp#27;[34m### testClass : class com.gfg.zerocode.rest.GeekUserEndpointIT
&amp#27;[0;39m2022-10-31 17:39:50,727 &amp#27;[32m[main]&amp#27;[0;39m &amp#27;[34mINFO&amp#27;[0;39m org.jsmart.zerocode.core.runner.ZeroCodeUnitRunner - &amp#27;[34mSystem property zerocode.junit=null
&amp#27;[0;39m2022-10-31 17:39:50,908 &amp#27;[32m[main]&amp#27;[0;39m &amp#27;[34mINFO&amp#27;[0;39m org.jsmart.zerocode.core.runner.ZeroCodeMultiStepsScenarioRunnerImpl - &amp#27;[34m
-------------------------- BDD: Scenario:test user creation endpoint -------------------------

&amp#27;[0;39m2022-10-31 17:39:50,951 &amp#27;[32m[main]&amp#27;[0;39m &amp#27;[34mINFO&amp#27;[0;39m org.jsmart.zerocode.core.runner.ZeroCodeMultiStepsScenarioRunnerImpl - &amp#27;[34m
-------------------------------------------------------------------------
     Executing Scenario Count No. or parameter No. or Row No. | 0 | 
-------------------------------------------------------------------------
&amp#27;[0;39m2022-10-31 17:39:51,135 &amp#27;[32m[main]&amp#27;[0;39m &amp#27;[34mINFO&amp#27;[0;39m org.jsmart.zerocode.core.httpclient.ssl.SslTrustHttpClient - &amp#27;[34m###Used SSL Enabled Http Client for http/https/TLS connections
&amp#27;[0;39m2022-10-31 17:39:52,279 &amp#27;[32m[main]&amp#27;[0;39m &amp#27;[34mINFO&amp#27;[0;39m org.jsmart.zerocode.core.engine.validators.ZeroCodeValidatorImpl - &amp#27;[34mComparing results via LENIENT matchers
&amp#27;[0;39m2022-10-31 17:39:52,289 &amp#27;[32m[main]&amp#27;[0;39m &amp#27;[34mINFO&amp#27;[0;39m org.jsmart.zerocode.core.runner.StepNotificationHandler - &amp#27;[34m
***Step PASSED - Scenario:test user creation endpoint -> test_successful_creation
&amp#27;[0;39m2022-10-31 17:39:52,293 &amp#27;[32m[main]&amp#27;[0;39m &amp#27;[31mWARN&amp#27;[0;39m org.jsmart.zerocode.core.runner.ZeroCodeMultiStepsScenarioRunnerImpl - &amp#27;[34m
--------- TEST-STEP-CORRELATION-ID: 1295d706-9848-49e2-84d3-b4bd6d24f1b0 ---------
*requestTimeStamp:2022-10-31T17:39:51.089
step:test_successful_creation
id:null
url:http://localhost:8080/api/users
method:POST
request:
{
  "body" : {
    "firstName" : "Rachel",
    "lastName" : "Green",
    "departmentName" : "IT",
    "salary" : 100000.0
  }
} 
--------- TEST-STEP-CORRELATION-ID: 1295d706-9848-49e2-84d3-b4bd6d24f1b0 ---------
Response:
{
  "status" : 201,
  "headers" : {
    "Date" : [ "Mon, 31 Oct 2022 12:09:52 GMT" ],
    "Transfer-Encoding" : [ "chunked" ],
    "Keep-Alive" : [ "timeout=60" ],
    "Content-Type" : [ "application/json" ],
    "Connection" : [ "keep-alive" ]
  },
  "body" : {
    "id" : "dcab78fd-b6b1-4695-88eb-b4021946e290",
    "firstName" : "Rachel",
    "lastName" : "Green",
    "departmentName" : "IT",
    "salary" : 100000.0
  }
}
*responseTimeStamp:2022-10-31T17:39:52.278 
*Response delay:1189.0 milli-secs 
---------> Expected Response: <----------
{
  "status" : 201,
  "body" : {
    "id" : "$NOT.NULL",
    "firstName" : "Rachel",
    "lastName" : "Green",
    "departmentName" : "IT",
    "salary" : 100000.0
  }
} 
 
-done-

&amp#27;[0;39m2022-10-31 17:39:52,297 &amp#27;[32m[main]&amp#27;[0;39m &amp#27;[34mINFO&amp#27;[0;39m org.jsmart.zerocode.core.httpclient.ssl.SslTrustHttpClient - &amp#27;[34m###Used SSL Enabled Http Client for http/https/TLS connections
&amp#27;[0;39m2022-10-31 17:39:52,311 &amp#27;[32m[main]&amp#27;[0;39m &amp#27;[31mWARN&amp#27;[0;39m org.jsmart.zerocode.core.engine.executor.httpapi.HttpApiExecutorImpl - &amp#27;[34m
---------------------------------------------

						 * Warning *  

Output was not a valid JSON body. It was treated as a simple rawBody. If it was intentional, you can ignore this warning. 
 -OR- Update your assertions block with "rawBody" instead of "body" 
 e.g. "rawBody" : "an expected string "

---------------------------------------------
&amp#27;[0;39m2022-10-31 17:39:52,312 &amp#27;[32m[main]&amp#27;[0;39m &amp#27;[34mINFO&amp#27;[0;39m org.jsmart.zerocode.core.engine.validators.ZeroCodeValidatorImpl - &amp#27;[34mComparing results via LENIENT matchers
&amp#27;[0;39m2022-10-31 17:39:52,314 &amp#27;[32m[main]&amp#27;[0;39m &amp#27;[34mINFO&amp#27;[0;39m org.jsmart.zerocode.core.runner.StepNotificationHandler - &amp#27;[34m
***Step PASSED - Scenario:test user creation endpoint -> test_firstname_validation
&amp#27;[0;39m2022-10-31 17:39:52,315 &amp#27;[32m[main]&amp#27;[0;39m &amp#27;[31mWARN&amp#27;[0;39m org.jsmart.zerocode.core.runner.ZeroCodeMultiStepsScenarioRunnerImpl - &amp#27;[34m
--------- TEST-STEP-CORRELATION-ID: 88cf59fd-5fbd-432a-b20b-3ff3d1001408 ---------
*requestTimeStamp:2022-10-31T17:39:52.296
step:test_firstname_validation
id:null
url:http://localhost:8080/api/users
method:POST
request:
{
  "body" : {
    "firstName" : "",
    "lastName" : "Bing",
    "departmentName" : "IT",
    "salary" : 100000.0
  }
} 
--------- TEST-STEP-CORRELATION-ID: 88cf59fd-5fbd-432a-b20b-3ff3d1001408 ---------
Response:
{
  "status" : 400,
  "headers" : {
    "Date" : [ "Mon, 31 Oct 2022 12:09:52 GMT" ],
    "Content-Length" : [ "25" ],
    "Content-Type" : [ "text/plain;charset=UTF-8" ],
    "Connection" : [ "close" ]
  },
  "rawBody" : "firstName can't be empty!"
}
*responseTimeStamp:2022-10-31T17:39:52.312 
*Response delay:16.0 milli-secs 
---------> Expected Response: <----------
{
  "status" : 400,
  "rawBody" : "firstName can't be empty!"
} 
 
-done-

&amp#27;[0;39m2022-10-31 17:39:52,317 &amp#27;[32m[main]&amp#27;[0;39m &amp#27;[34mINFO&amp#27;[0;39m org.jsmart.zerocode.core.httpclient.ssl.SslTrustHttpClient - &amp#27;[34m###Used SSL Enabled Http Client for http/https/TLS connections
&amp#27;[0;39m2022-10-31 17:39:52,325 &amp#27;[32m[main]&amp#27;[0;39m &amp#27;[31mWARN&amp#27;[0;39m org.jsmart.zerocode.core.engine.executor.httpapi.HttpApiExecutorImpl - &amp#27;[34m
---------------------------------------------

						 * Warning *  

Output was not a valid JSON body. It was treated as a simple rawBody. If it was intentional, you can ignore this warning. 
 -OR- Update your assertions block with "rawBody" instead of "body" 
 e.g. "rawBody" : "an expected string "

---------------------------------------------
&amp#27;[0;39m2022-10-31 17:39:52,326 &amp#27;[32m[main]&amp#27;[0;39m &amp#27;[34mINFO&amp#27;[0;39m org.jsmart.zerocode.core.engine.validators.ZeroCodeValidatorImpl - &amp#27;[34mComparing results via LENIENT matchers
&amp#27;[0;39m2022-10-31 17:39:52,327 &amp#27;[32m[main]&amp#27;[0;39m &amp#27;[34mINFO&amp#27;[0;39m org.jsmart.zerocode.core.runner.StepNotificationHandler - &amp#27;[34m
***Step PASSED - Scenario:test user creation endpoint -> test_lastname_validation
&amp#27;[0;39m2022-10-31 17:39:52,328 &amp#27;[32m[main]&amp#27;[0;39m &amp#27;[31mWARN&amp#27;[0;39m org.jsmart.zerocode.core.runner.ZeroCodeMultiStepsScenarioRunnerImpl - &amp#27;[34m
--------- TEST-STEP-CORRELATION-ID: a478ebdf-a02b-47bb-98a7-07b3718ee378 ---------
*requestTimeStamp:2022-10-31T17:39:52.316
step:test_lastname_validation
id:null
url:http://localhost:8080/api/users
method:POST
request:
{
  "body" : {
    "firstName" : "Monica",
    "lastName" : "",
    "departmentName" : "Chef",
    "salary" : 100000.0
  }
} 
--------- TEST-STEP-CORRELATION-ID: a478ebdf-a02b-47bb-98a7-07b3718ee378 ---------
Response:
{
  "status" : 400,
  "headers" : {
    "Date" : [ "Mon, 31 Oct 2022 12:09:52 GMT" ],
    "Content-Length" : [ "24" ],
    "Content-Type" : [ "text/plain;charset=UTF-8" ],
    "Connection" : [ "close" ]
  },
  "rawBody" : "lastName can't be empty!"
}
*responseTimeStamp:2022-10-31T17:39:52.326 
*Response delay:10.0 milli-secs 
---------> Expected Response: <----------
{
  "status" : 400,
  "rawBody" : "lastName can't be empty!"
} 
 
-done-

&amp#27;[0;39m2022-10-31 17:39:52,330 &amp#27;[32m[main]&amp#27;[0;39m &amp#27;[34mINFO&amp#27;[0;39m org.jsmart.zerocode.core.httpclient.ssl.SslTrustHttpClient - &amp#27;[34m###Used SSL Enabled Http Client for http/https/TLS connections
&amp#27;[0;39m2022-10-31 17:39:52,338 &amp#27;[32m[main]&amp#27;[0;39m &amp#27;[31mWARN&amp#27;[0;39m org.jsmart.zerocode.core.engine.executor.httpapi.HttpApiExecutorImpl - &amp#27;[34m
---------------------------------------------

						 * Warning *  

Output was not a valid JSON body. It was treated as a simple rawBody. If it was intentional, you can ignore this warning. 
 -OR- Update your assertions block with "rawBody" instead of "body" 
 e.g. "rawBody" : "an expected string "

---------------------------------------------
&amp#27;[0;39m2022-10-31 17:39:52,340 &amp#27;[32m[main]&amp#27;[0;39m &amp#27;[34mINFO&amp#27;[0;39m org.jsmart.zerocode.core.engine.validators.ZeroCodeValidatorImpl - &amp#27;[34mComparing results via LENIENT matchers
&amp#27;[0;39m2022-10-31 17:39:52,341 &amp#27;[32m[main]&amp#27;[0;39m &amp#27;[34mINFO&amp#27;[0;39m org.jsmart.zerocode.core.runner.StepNotificationHandler - &amp#27;[34m
***Step PASSED - Scenario:test user creation endpoint -> test_departmentname_validation
&amp#27;[0;39m2022-10-31 17:39:52,341 &amp#27;[32m[main]&amp#27;[0;39m &amp#27;[31mWARN&amp#27;[0;39m org.jsmart.zerocode.core.runner.ZeroCodeMultiStepsScenarioRunnerImpl - &amp#27;[34m
--------- TEST-STEP-CORRELATION-ID: c9f38a86-eff2-44e4-a8d0-ceae63b41b48 ---------
*requestTimeStamp:2022-10-31T17:39:52.329
step:test_departmentname_validation
id:null
url:http://localhost:8080/api/users
method:POST
request:
{
  "body" : {
    "firstName" : "Phoebe",
    "lastName" : "Buffe",
    "departmentName" : "",
    "salary" : 50000.0
  }
} 
--------- TEST-STEP-CORRELATION-ID: c9f38a86-eff2-44e4-a8d0-ceae63b41b48 ---------
Response:
{
  "status" : 400,
  "headers" : {
    "Date" : [ "Mon, 31 Oct 2022 12:09:52 GMT" ],
    "Content-Length" : [ "29" ],
    "Content-Type" : [ "text/plain;charset=UTF-8" ],
    "Connection" : [ "close" ]
  },
  "rawBody" : "DeparmentName can't be empty!"
}
*responseTimeStamp:2022-10-31T17:39:52.339 
*Response delay:10.0 milli-secs 
---------> Expected Response: <----------
{
  "status" : 400,
  "rawBody" : "DeparmentName can't be empty!"
} 
 
-done-

&amp#27;[0;39m2022-10-31 17:39:52,487 &amp#27;[32m[main]&amp#27;[0;39m &amp#27;[34mINFO&amp#27;[0;39m org.jsmart.zerocode.core.runner.ZeroCodeUnitRunner - &amp#27;[34m
**FINISHED executing all Steps for [test user creation endpoint] **.
Steps were:[test_successful_creation, test_firstname_validation, test_lastname_validation, test_departmentname_validation]
&amp#27;[0;39m]]></system-out>
  </testcase>
</testsuite>