<?xml version="1.0" encoding="UTF-8"?>
<testsuite xmlns:xsi="http://www.w3.org/2001/XMLSchema-instance" xsi:noNamespaceSchemaLocation="https://maven.apache.org/surefire/maven-failsafe-plugin/xsd/failsafe-test-report-3.0.xsd" version="3.0" name="com.baeldung.zerocode.rest.UserEndpointIT" time="1.297" tests="1" errors="0" skipped="0" failures="0">
  <properties>
[...]
</properties>
  <testcase name="test_user_creation_endpoint" classname="com.baeldung.zerocode.rest.UserEndpointIT" time="1.266">
    <system-out><![CDATA[14:27:29,724 |-INFO in ch.qos.logback.classic.LoggerContext[default] - Could NOT find resource [logback.groovy]
14:27:29,724 |-INFO in ch.qos.logback.classic.LoggerContext[default] - Could NOT find resource [logback-test.xml]
14:27:29,724 |-INFO in ch.qos.logback.classic.LoggerContext[default] - Found resource [logback.xml] at [jar:file:/C:/Users/DWLL/.m2/repository/org/jsmart/zerocode-tdd/1.3.27/zerocode-tdd-1.3.27.jar!/logback.xml]
14:27:29,737 |-INFO in ch.qos.logback.core.joran.spi.ConfigurationWatchList@d44fc21 - URL [jar:file:/C:/Users/DWLL/.m2/repository/org/jsmart/zerocode-tdd/1.3.27/zerocode-tdd-1.3.27.jar!/logback.xml] is not of type file
14:27:29,781 |-INFO in ch.qos.logback.classic.joran.action.ConfigurationAction - debug attribute not set
14:27:29,791 |-INFO in ch.qos.logback.core.joran.action.AppenderAction - About to instantiate appender of type [ch.qos.logback.core.FileAppender]
14:27:29,798 |-INFO in ch.qos.logback.core.joran.action.AppenderAction - Naming appender as [fileAppender]
14:27:29,821 |-INFO in ch.qos.logback.core.joran.action.NestedComplexPropertyIA - Assuming default type [ch.qos.logback.classic.encoder.PatternLayoutEncoder] for [encoder] property
14:27:29,872 |-INFO in ch.qos.logback.core.FileAppender[fileAppender] - File property is set to [target/logs/zerocode_rest_bdd_logs.log]
14:27:29,873 |-INFO in ch.qos.logback.core.joran.action.AppenderAction - About to instantiate appender of type [ch.qos.logback.core.ConsoleAppender]
14:27:29,875 |-INFO in ch.qos.logback.core.joran.action.AppenderAction - Naming appender as [consoleAppender]
14:27:29,891 |-WARN in ch.qos.logback.core.ConsoleAppender[consoleAppender] - This appender no longer admits a layout as a sub-component, set an encoder instead.
14:27:29,891 |-WARN in ch.qos.logback.core.ConsoleAppender[consoleAppender] - To ensure compatibility, wrapping your layout in LayoutWrappingEncoder.
14:27:29,891 |-WARN in ch.qos.logback.core.ConsoleAppender[consoleAppender] - See also http://logback.qos.ch/codes.html#layoutInsteadOfEncoder for details
14:27:29,891 |-INFO in ch.qos.logback.classic.joran.action.RootLoggerAction - Setting level of ROOT logger to INFO
14:27:29,891 |-INFO in ch.qos.logback.core.joran.action.AppenderRefAction - Attaching appender named [fileAppender] to Logger[ROOT]
14:27:29,892 |-INFO in ch.qos.logback.core.joran.action.AppenderRefAction - Attaching appender named [consoleAppender] to Logger[ROOT]
14:27:29,892 |-INFO in ch.qos.logback.classic.joran.action.ConfigurationAction - End of configuration.
14:27:29,903 |-INFO in ch.qos.logback.classic.joran.JoranConfigurator@23faf8f2 - Registering current configuration as safe fallback point

2022-10-31 14:27:29,939 &amp#27;[32m[main]&amp#27;[0;39m &amp#27;[34mINFO&amp#27;[0;39m org.jsmart.zerocode.core.utils.RunnerUtils - &amp#27;[34m### testClass : class com.baeldung.zerocode.rest.UserEndpointIT
&amp#27;[0;39m2022-10-31 14:27:30,568 &amp#27;[32m[main]&amp#27;[0;39m &amp#27;[34mINFO&amp#27;[0;39m org.jsmart.zerocode.core.utils.RunnerUtils - &amp#27;[34m### testClass : class com.baeldung.zerocode.rest.UserEndpointIT
&amp#27;[0;39m2022-10-31 14:27:30,641 &amp#27;[32m[main]&amp#27;[0;39m &amp#27;[34mINFO&amp#27;[0;39m org.jsmart.zerocode.core.utils.RunnerUtils - &amp#27;[34m### testClass : class com.gfg.zerocode.rest.UserEndpointIT
&amp#27;[0;39m2022-10-31 14:27:30,662 &amp#27;[32m[main]&amp#27;[0;39m &amp#27;[34mINFO&amp#27;[0;39m org.jsmart.zerocode.core.utils.RunnerUtils - &amp#27;[34m### testClass : class com.gfg.zerocode.rest.UserEndpointIT
&amp#27;[0;39m2022-10-31 14:27:30,689 &amp#27;[32m[main]&amp#27;[0;39m &amp#27;[34mINFO&amp#27;[0;39m org.jsmart.zerocode.core.utils.RunnerUtils - &amp#27;[34m### testClass : class com.baeldung.zerocode.rest.UserEndpointIT
&amp#27;[0;39m2022-10-31 14:27:30,708 &amp#27;[32m[main]&amp#27;[0;39m &amp#27;[34mINFO&amp#27;[0;39m org.jsmart.zerocode.core.runner.ZeroCodeUnitRunner - &amp#27;[34mSystem property zerocode.junit=null
&amp#27;[0;39m2022-10-31 14:27:30,896 &amp#27;[32m[main]&amp#27;[0;39m &amp#27;[34mINFO&amp#27;[0;39m org.jsmart.zerocode.core.runner.ZeroCodeMultiStepsScenarioRunnerImpl - &amp#27;[34m
-------------------------- BDD: Scenario:test user creation endpoint -------------------------

&amp#27;[0;39m2022-10-31 14:27:30,915 &amp#27;[32m[main]&amp#27;[0;39m &amp#27;[34mINFO&amp#27;[0;39m org.jsmart.zerocode.core.runner.ZeroCodeMultiStepsScenarioRunnerImpl - &amp#27;[34m
-------------------------------------------------------------------------
     Executing Scenario Count No. or parameter No. or Row No. | 0 | 
-------------------------------------------------------------------------
&amp#27;[0;39m2022-10-31 14:27:31,094 &amp#27;[32m[main]&amp#27;[0;39m &amp#27;[34mINFO&amp#27;[0;39m org.jsmart.zerocode.core.httpclient.ssl.SslTrustHttpClient - &amp#27;[34m###Used SSL Enabled Http Client for http/https/TLS connections
&amp#27;[0;39m2022-10-31 14:27:31,753 &amp#27;[32m[main]&amp#27;[0;39m &amp#27;[34mINFO&amp#27;[0;39m org.jsmart.zerocode.core.engine.validators.ZeroCodeValidatorImpl - &amp#27;[34mComparing results via LENIENT matchers
&amp#27;[0;39m2022-10-31 14:27:31,759 &amp#27;[32m[main]&amp#27;[0;39m &amp#27;[34mINFO&amp#27;[0;39m org.jsmart.zerocode.core.runner.StepNotificationHandler - &amp#27;[34m
***Step PASSED - Scenario:test user creation endpoint -> test_successful_creation
&amp#27;[0;39m2022-10-31 14:27:31,761 &amp#27;[32m[main]&amp#27;[0;39m &amp#27;[31mWARN&amp#27;[0;39m org.jsmart.zerocode.core.runner.ZeroCodeMultiStepsScenarioRunnerImpl - &amp#27;[34m
--------- TEST-STEP-CORRELATION-ID: 0ba876d9-c0e0-4070-8ba0-ed2865cd91f2 ---------
*requestTimeStamp:2022-10-31T14:27:31.047
step:test_successful_creation
id:null
url:http://localhost:8080/api/users
method:POST
request:
{
  "body" : {
    "firstName" : "Rachel",
    "lastName" : "Green",
    "departmentName" : "IT",
    "salary" : 100000.0
  }
} 
--------- TEST-STEP-CORRELATION-ID: 0ba876d9-c0e0-4070-8ba0-ed2865cd91f2 ---------
Response:
{
  "status" : 201,
  "headers" : {
    "Date" : [ "Mon, 31 Oct 2022 08:57:31 GMT" ],
    "Transfer-Encoding" : [ "chunked" ],
    "Keep-Alive" : [ "timeout=60" ],
    "Content-Type" : [ "application/json" ],
    "Connection" : [ "keep-alive" ]
  },
  "body" : {
    "id" : "cb7ff74c-85a8-46fd-9069-a0e785e913a6",
    "firstName" : "Rachel",
    "lastName" : "Green",
    "departmentName" : "IT",
    "salary" : 100000.0
  }
}
*responseTimeStamp:2022-10-31T14:27:31.752 
*Response delay:705.0 milli-secs 
---------> Expected Response: <----------
{
  "status" : 201,
  "body" : {
    "id" : "$NOT.NULL",
    "firstName" : "Rachel",
    "lastName" : "Green",
    "departmentName" : "IT",
    "salary" : 100000.0
  }
} 
 
-done-

&amp#27;[0;39m2022-10-31 14:27:31,764 &amp#27;[32m[main]&amp#27;[0;39m &amp#27;[34mINFO&amp#27;[0;39m org.jsmart.zerocode.core.httpclient.ssl.SslTrustHttpClient - &amp#27;[34m###Used SSL Enabled Http Client for http/https/TLS connections
&amp#27;[0;39m2022-10-31 14:27:31,771 &amp#27;[32m[main]&amp#27;[0;39m &amp#27;[31mWARN&amp#27;[0;39m org.jsmart.zerocode.core.engine.executor.httpapi.HttpApiExecutorImpl - &amp#27;[34m
---------------------------------------------

						 * Warning *  

Output was not a valid JSON body. It was treated as a simple rawBody. If it was intentional, you can ignore this warning. 
 -OR- Update your assertions block with "rawBody" instead of "body" 
 e.g. "rawBody" : "an expected string "

---------------------------------------------
&amp#27;[0;39m2022-10-31 14:27:31,772 &amp#27;[32m[main]&amp#27;[0;39m &amp#27;[34mINFO&amp#27;[0;39m org.jsmart.zerocode.core.engine.validators.ZeroCodeValidatorImpl - &amp#27;[34mComparing results via LENIENT matchers
&amp#27;[0;39m2022-10-31 14:27:31,773 &amp#27;[32m[main]&amp#27;[0;39m &amp#27;[34mINFO&amp#27;[0;39m org.jsmart.zerocode.core.runner.StepNotificationHandler - &amp#27;[34m
***Step PASSED - Scenario:test user creation endpoint -> test_firstname_validation
&amp#27;[0;39m2022-10-31 14:27:31,774 &amp#27;[32m[main]&amp#27;[0;39m &amp#27;[31mWARN&amp#27;[0;39m org.jsmart.zerocode.core.runner.ZeroCodeMultiStepsScenarioRunnerImpl - &amp#27;[34m
--------- TEST-STEP-CORRELATION-ID: 6c701e32-4350-45a2-be67-9e52411efebe ---------
*requestTimeStamp:2022-10-31T14:27:31.763
step:test_firstname_validation
id:null
url:http://localhost:8080/api/users
method:POST
request:
{
  "body" : {
    "firstName" : "",
    "lastName" : "Bing",
    "departmentName" : "IT",
    "salary" : 100000.0
  }
} 
--------- TEST-STEP-CORRELATION-ID: 6c701e32-4350-45a2-be67-9e52411efebe ---------
Response:
{
  "status" : 400,
  "headers" : {
    "Date" : [ "Mon, 31 Oct 2022 08:57:31 GMT" ],
    "Content-Length" : [ "25" ],
    "Content-Type" : [ "text/plain;charset=UTF-8" ],
    "Connection" : [ "close" ]
  },
  "rawBody" : "firstName can't be empty!"
}
*responseTimeStamp:2022-10-31T14:27:31.772 
*Response delay:9.0 milli-secs 
---------> Expected Response: <----------
{
  "status" : 400,
  "rawBody" : "firstName can't be empty!"
} 
 
-done-

&amp#27;[0;39m2022-10-31 14:27:31,776 &amp#27;[32m[main]&amp#27;[0;39m &amp#27;[34mINFO&amp#27;[0;39m org.jsmart.zerocode.core.httpclient.ssl.SslTrustHttpClient - &amp#27;[34m###Used SSL Enabled Http Client for http/https/TLS connections
&amp#27;[0;39m2022-10-31 14:27:31,784 &amp#27;[32m[main]&amp#27;[0;39m &amp#27;[31mWARN&amp#27;[0;39m org.jsmart.zerocode.core.engine.executor.httpapi.HttpApiExecutorImpl - &amp#27;[34m
---------------------------------------------

						 * Warning *  

Output was not a valid JSON body. It was treated as a simple rawBody. If it was intentional, you can ignore this warning. 
 -OR- Update your assertions block with "rawBody" instead of "body" 
 e.g. "rawBody" : "an expected string "

---------------------------------------------
&amp#27;[0;39m2022-10-31 14:27:31,786 &amp#27;[32m[main]&amp#27;[0;39m &amp#27;[34mINFO&amp#27;[0;39m org.jsmart.zerocode.core.engine.validators.ZeroCodeValidatorImpl - &amp#27;[34mComparing results via LENIENT matchers
&amp#27;[0;39m2022-10-31 14:27:31,787 &amp#27;[32m[main]&amp#27;[0;39m &amp#27;[34mINFO&amp#27;[0;39m org.jsmart.zerocode.core.runner.StepNotificationHandler - &amp#27;[34m
***Step PASSED - Scenario:test user creation endpoint -> test_lastname_validation
&amp#27;[0;39m2022-10-31 14:27:31,787 &amp#27;[32m[main]&amp#27;[0;39m &amp#27;[31mWARN&amp#27;[0;39m org.jsmart.zerocode.core.runner.ZeroCodeMultiStepsScenarioRunnerImpl - &amp#27;[34m
--------- TEST-STEP-CORRELATION-ID: 97fa486c-3b9e-4f12-9a3a-5ed2b506d84e ---------
*requestTimeStamp:2022-10-31T14:27:31.775
step:test_lastname_validation
id:null
url:http://localhost:8080/api/users
method:POST
request:
{
  "body" : {
    "firstName" : "Monica",
    "lastName" : "",
    "departmentName" : "Chef",
    "salary" : 100000.0
  }
} 
--------- TEST-STEP-CORRELATION-ID: 97fa486c-3b9e-4f12-9a3a-5ed2b506d84e ---------
Response:
{
  "status" : 400,
  "headers" : {
    "Date" : [ "Mon, 31 Oct 2022 08:57:31 GMT" ],
    "Content-Length" : [ "24" ],
    "Content-Type" : [ "text/plain;charset=UTF-8" ],
    "Connection" : [ "close" ]
  },
  "rawBody" : "lastName can't be empty!"
}
*responseTimeStamp:2022-10-31T14:27:31.785 
*Response delay:10.0 milli-secs 
---------> Expected Response: <----------
{
  "status" : 400,
  "rawBody" : "lastName can't be empty!"
} 
 
-done-

&amp#27;[0;39m2022-10-31 14:27:31,789 &amp#27;[32m[main]&amp#27;[0;39m &amp#27;[34mINFO&amp#27;[0;39m org.jsmart.zerocode.core.httpclient.ssl.SslTrustHttpClient - &amp#27;[34m###Used SSL Enabled Http Client for http/https/TLS connections
&amp#27;[0;39m2022-10-31 14:27:31,797 &amp#27;[32m[main]&amp#27;[0;39m &amp#27;[31mWARN&amp#27;[0;39m org.jsmart.zerocode.core.engine.executor.httpapi.HttpApiExecutorImpl - &amp#27;[34m
---------------------------------------------

						 * Warning *  

Output was not a valid JSON body. It was treated as a simple rawBody. If it was intentional, you can ignore this warning. 
 -OR- Update your assertions block with "rawBody" instead of "body" 
 e.g. "rawBody" : "an expected string "

---------------------------------------------
&amp#27;[0;39m2022-10-31 14:27:31,799 &amp#27;[32m[main]&amp#27;[0;39m &amp#27;[34mINFO&amp#27;[0;39m org.jsmart.zerocode.core.engine.validators.ZeroCodeValidatorImpl - &amp#27;[34mComparing results via LENIENT matchers
&amp#27;[0;39m2022-10-31 14:27:31,799 &amp#27;[32m[main]&amp#27;[0;39m &amp#27;[34mINFO&amp#27;[0;39m org.jsmart.zerocode.core.runner.StepNotificationHandler - &amp#27;[34m
***Step PASSED - Scenario:test user creation endpoint -> test_departmentname_validation
&amp#27;[0;39m2022-10-31 14:27:31,800 &amp#27;[32m[main]&amp#27;[0;39m &amp#27;[31mWARN&amp#27;[0;39m org.jsmart.zerocode.core.runner.ZeroCodeMultiStepsScenarioRunnerImpl - &amp#27;[34m
--------- TEST-STEP-CORRELATION-ID: f7986fbe-acc0-4f2d-9a3e-df5dffeaad48 ---------
*requestTimeStamp:2022-10-31T14:27:31.788
step:test_departmentname_validation
id:null
url:http://localhost:8080/api/users
method:POST
request:
{
  "body" : {
    "firstName" : "Phoebe",
    "lastName" : "Buffe",
    "departmentName" : "",
    "salary" : 50000.0
  }
} 
--------- TEST-STEP-CORRELATION-ID: f7986fbe-acc0-4f2d-9a3e-df5dffeaad48 ---------
Response:
{
  "status" : 400,
  "headers" : {
    "Date" : [ "Mon, 31 Oct 2022 08:57:31 GMT" ],
    "Content-Length" : [ "29" ],
    "Content-Type" : [ "text/plain;charset=UTF-8" ],
    "Connection" : [ "close" ]
  },
  "rawBody" : "DeparmentName can't be empty!"
}
*responseTimeStamp:2022-10-31T14:27:31.798 
*Response delay:10.0 milli-secs 
---------> Expected Response: <----------
{
  "status" : 400,
  "rawBody" : "DeparmentName can't be empty!"
} 
 
-done-

&amp#27;[0;39m2022-10-31 14:27:31,935 &amp#27;[32m[main]&amp#27;[0;39m &amp#27;[34mINFO&amp#27;[0;39m org.jsmart.zerocode.core.runner.ZeroCodeUnitRunner - &amp#27;[34m
**FINISHED executing all Steps for [test user creation endpoint] **.
Steps were:[test_successful_creation, test_firstname_validation, test_lastname_validation, test_departmentname_validation]
&amp#27;[0;39m]]></system-out>
  </testcase>
</testsuite>